<?xml version="1.0" encoding="UTF-8"?>
<testsuite xmlns:xsi="http://www.w3.org/2001/XMLSchema-instance" xsi:noNamespaceSchemaLocation="https://maven.apache.org/surefire/maven-surefire-plugin/xsd/surefire-test-report.xsd" name="org.apache.commons.lang3.event.EventUtilsTest" time="0.004" tests="8" errors="0" skipped="0" failures="0">
  <properties>
[...]
</properties>
  <testcase name="testAddEventListenerWithNoAddMethod" classname="org.apache.commons.lang3.event.EventUtilsTest" time="0.002"/>
  <testcase name="testAddEventListener" classname="org.apache.commons.lang3.event.EventUtilsTest" time="0"/>
  <testcase name="testBindEventsToMethod" classname="org.apache.commons.lang3.event.EventUtilsTest" time="0"/>
  <testcase name="testAddEventListenerWithPrivateAddMethod" classname="org.apache.commons.lang3.event.EventUtilsTest" time="0"/>
  <testcase name="testBindFilteredEventsToMethod" classname="org.apache.commons.lang3.event.EventUtilsTest" time="0.001"/>
  <testcase name="testAddEventListenerThrowsException" classname="org.apache.commons.lang3.event.EventUtilsTest" time="0.001"/>
  <testcase name="testBindEventsToMethodWithEvent" classname="org.apache.commons.lang3.event.EventUtilsTest" time="0"/>
  <testcase name="testConstructor" classname="org.apache.commons.lang3.event.EventUtilsTest" time="0"/>
</testsuite>