<?xml version="1.0" encoding="UTF-8"?>
<testsuite xmlns:xsi="http://www.w3.org/2001/XMLSchema-instance" xsi:noNamespaceSchemaLocation="https://maven.apache.org/surefire/maven-surefire-plugin/xsd/surefire-test-report.xsd" name="org.apache.commons.lang3.text.ExtendedMessageFormatTest" time="6.954" tests="8" errors="0" skipped="0" failures="0">
  <properties>
[...]
</properties>
  <testcase name="testBuiltInDateTimeFormat" classname="org.apache.commons.lang3.text.ExtendedMessageFormatTest" time="6.032"/>
  <testcase name="testEqualsHashcode" classname="org.apache.commons.lang3.text.ExtendedMessageFormatTest" time="0"/>
  <testcase name="testOverriddenBuiltinFormat" classname="org.apache.commons.lang3.text.ExtendedMessageFormatTest" time="0.065"/>
  <testcase name="testBuiltInChoiceFormat" classname="org.apache.commons.lang3.text.ExtendedMessageFormatTest" time="0.696"/>
  <testcase name="testEscapedQuote_LANG_477" classname="org.apache.commons.lang3.text.ExtendedMessageFormatTest" time="0"/>
  <testcase name="testExtendedFormats" classname="org.apache.commons.lang3.text.ExtendedMessageFormatTest" time="0"/>
  <testcase name="testExtendedAndBuiltInFormats" classname="org.apache.commons.lang3.text.ExtendedMessageFormatTest" time="0.041"/>
  <testcase name="testBuiltInNumberFormat" classname="org.apache.commons.lang3.text.ExtendedMessageFormatTest" time="0.12"/>
</testsuite>